<?xml version="1.0" encoding="UTF-8"?>
<!-- Generated by org.testng.reporters.JUnitXMLReporter -->
<testsuite hostname="DESKTOP-HAHT87R" name="Default test" tests="4" failures="0" timestamp="12 Apr 2017 14:54:35 GMT" time="28.032" errors="0">
  <testcase name="testB" time="10.699" classname="com.qtpselenium.core.ddf.testcases.DummyTestB"/>
  <testcase name="testB" time="8.206" classname="com.qtpselenium.core.ddf.testcases.DummyTestB"/>
  <testcase name="testB" time="0.006" classname="com.qtpselenium.core.ddf.testcases.DummyTestB">
    <skipped/>
  </testcase> <!-- testB -->
  <testcase name="testB" time="0.005" classname="com.qtpselenium.core.ddf.testcases.DummyTestB">
    <skipped/>
  </testcase> <!-- testB -->
</testsuite> <!-- Default test -->
