<?xml version="1.0" encoding="UTF-8"?>
<!-- Generated by org.testng.reporters.JUnitXMLReporter -->
<testsuite hostname="DESKTOP-HAHT87R" name="TestC" tests="8" failures="0" timestamp="13 Apr 2017 03:58:39 GMT" time="65.911" errors="0">
  <testcase name="testC" time="4.615" classname="com.qtpselenium.core.ddf.testcases.DummyTestC"/>
  <testcase name="testC" time="0.006" classname="com.qtpselenium.core.ddf.testcases.DummyTestC">
    <skipped/>
  </testcase> <!-- testC -->
  <testcase name="testC" time="4.329" classname="com.qtpselenium.core.ddf.testcases.DummyTestC"/>
  <testcase name="testC" time="0.0" classname="com.qtpselenium.core.ddf.testcases.DummyTestC">
    <skipped/>
  </testcase> <!-- testC -->
  <testcase name="testC" time="4.613" classname="com.qtpselenium.core.ddf.testcases.DummyTestC"/>
  <testcase name="testC" time="0.006" classname="com.qtpselenium.core.ddf.testcases.DummyTestC">
    <skipped/>
  </testcase> <!-- testC -->
  <testcase name="testC" time="4.245" classname="com.qtpselenium.core.ddf.testcases.DummyTestC"/>
  <testcase name="testC" time="0.004" classname="com.qtpselenium.core.ddf.testcases.DummyTestC">
    <skipped/>
  </testcase> <!-- testC -->
</testsuite> <!-- TestC -->
