<?xml version="1.0" encoding="UTF-8"?>
<!-- Generated by org.testng.reporters.JUnitXMLReporter -->
<testsuite hostname="DESKTOP-HAHT87R" name="TestB" tests="4" failures="0" timestamp="13 Apr 2017 03:57:33 GMT" time="28.033" errors="0">
  <testcase name="testB" time="9.996" classname="com.qtpselenium.core.ddf.testcases.DummyTestB"/>
  <testcase name="testB" time="9.036" classname="com.qtpselenium.core.ddf.testcases.DummyTestB"/>
  <testcase name="testB" time="0.01" classname="com.qtpselenium.core.ddf.testcases.DummyTestB">
    <skipped/>
  </testcase> <!-- testB -->
  <testcase name="testB" time="0.004" classname="com.qtpselenium.core.ddf.testcases.DummyTestB">
    <skipped/>
  </testcase> <!-- testB -->
</testsuite> <!-- TestB -->
